<?xml version="1.0" encoding="UTF-8"?>
<!-- Generated by org.testng.reporters.JUnitXMLReporter -->
<testsuite hostname="DESKTOP-O1LMJVL" ignored="0" name="Command line test" tests="6" failures="1" timestamp="2021-01-11T14:29:32 GST" time="185.353" errors="0">
  <testcase name="ValidateHomePageTitleTest" time="11.437" classname="com.eVisa.qa.testcases.HomePageTest"/>
  <testcase name="validateLoggedInUserTest" time="51.379" classname="com.eVisa.qa.testcases.HomePageTest">
    <failure type="org.openqa.selenium.NoSuchFrameException" message="No frame element found by name or id mainpanel
Build info: version: &amp;apos;3.141.59&amp;apos;, revision: &amp;apos;e82be7d358&amp;apos;, time: &amp;apos;2018-11-14T08:17:03&amp;apos;
System info: host: &amp;apos;DESKTOP-O1LMJVL&amp;apos;, ip: &amp;apos;172.25.176.1&amp;apos;, os.name: &amp;apos;Windows 10&amp;apos;, os.arch: &amp;apos;amd64&amp;apos;, os.version: &amp;apos;10.0&amp;apos;, java.version: &amp;apos;1.8.0_271&amp;apos;
Driver info: driver.version: unknown">
      <![CDATA[org.openqa.selenium.NoSuchFrameException: No frame element found by name or id mainpanel
Build info: version: '3.141.59', revision: 'e82be7d358', time: '2018-11-14T08:17:03'
System info: host: 'DESKTOP-O1LMJVL', ip: '172.25.176.1', os.name: 'Windows 10', os.arch: 'amd64', os.version: '10.0', java.version: '1.8.0_271'
Driver info: driver.version: unknown
at org.openqa.selenium.remote.RemoteWebDriver$RemoteTargetLocator.frame(RemoteWebDriver.java:885)
at org.openqa.selenium.support.events.EventFiringWebDriver$EventFiringTargetLocator.frame(EventFiringWebDriver.java:702)
at com.eVisa.qa.util.TestUtil.switchToFrame(TestUtil.java:31)
at com.eVisa.qa.testcases.HomePageTest.validateLoggedInUserTest(HomePageTest.java:46)
at java.util.ArrayList.forEach(ArrayList.java:1259)
... Removed 37 stack frames]]>
    </failure>
  </testcase> <!-- validateLoggedInUserTest -->
  <testcase name="applyForSponsorVisaTest" time="12.12" classname="com.eVisa.qa.testcases.HomePageTest"/>
  <testcase name="loginPageTitleTest" time="0.019" classname="com.eVisa.qa.testcases.LoginPageTest"/>
  <testcase name="loginPageLogoTest" time="0.074" classname="com.eVisa.qa.testcases.LoginPageTest"/>
  <testcase name="loginTest" time="0.379" classname="com.eVisa.qa.testcases.LoginPageTest"/>
</testsuite> <!-- Command line test -->
